TN:
SF:app.js
FN:2,(anonymous_0)
FN:142,(anonymous_1)
FN:147,(anonymous_2)
FN:168,(anonymous_3)
FN:174,(anonymous_4)
FN:181,(anonymous_5)
FN:186,(anonymous_6)
FN:193,(anonymous_7)
FN:207,(anonymous_8)
FN:214,(anonymous_9)
FN:217,(anonymous_10)
FN:220,(anonymous_11)
FN:221,(anonymous_12)
FN:222,(anonymous_13)
FN:225,(anonymous_14)
FN:226,(anonymous_15)
FN:231,(anonymous_16)
FN:243,(anonymous_17)
FN:299,(anonymous_18)
FN:310,(anonymous_19)
FN:338,(anonymous_20)
FN:371,(anonymous_21)
FN:375,(anonymous_22)
FN:383,(anonymous_23)
FN:422,(anonymous_24)
FN:424,(anonymous_25)
FN:426,(anonymous_26)
FN:427,(anonymous_27)
FN:429,(anonymous_28)
FN:430,(anonymous_29)
FN:433,(anonymous_30)
FN:463,(anonymous_31)
FN:478,(anonymous_32)
FN:486,(anonymous_33)
FN:491,(anonymous_34)
FN:492,(anonymous_35)
FN:507,(anonymous_36)
FN:526,(anonymous_37)
FN:546,(anonymous_38)
FN:547,(anonymous_39)
FN:548,(anonymous_40)
FN:549,(anonymous_41)
FN:550,(anonymous_42)
FN:555,(anonymous_43)
FN:563,(anonymous_44)
FN:568,(anonymous_45)
FN:574,(anonymous_46)
FN:581,(anonymous_47)
FN:584,(anonymous_48)
FN:587,(anonymous_49)
FN:592,(anonymous_50)
FN:597,(anonymous_51)
FN:609,(anonymous_52)
FN:620,(anonymous_53)
FN:626,(anonymous_54)
FN:633,(anonymous_55)
FN:642,(anonymous_56)
FN:715,(anonymous_57)
FN:735,(anonymous_58)
FN:751,(anonymous_59)
FN:789,(anonymous_60)
FN:796,(anonymous_61)
FN:803,(anonymous_62)
FN:810,(anonymous_63)
FN:818,(anonymous_64)
FN:826,(anonymous_65)
FN:836,(anonymous_66)
FNF:67
FNH:39
FNDA:177,(anonymous_0)
FNDA:1042,(anonymous_1)
FNDA:1042,(anonymous_2)
FNDA:1042,(anonymous_3)
FNDA:0,(anonymous_4)
FNDA:1042,(anonymous_5)
FNDA:0,(anonymous_6)
FNDA:1096,(anonymous_7)
FNDA:0,(anonymous_8)
FNDA:1042,(anonymous_9)
FNDA:0,(anonymous_10)
FNDA:4168,(anonymous_11)
FNDA:0,(anonymous_12)
FNDA:0,(anonymous_13)
FNDA:4168,(anonymous_14)
FNDA:0,(anonymous_15)
FNDA:215,(anonymous_16)
FNDA:215,(anonymous_17)
FNDA:207,(anonymous_18)
FNDA:33615,(anonymous_19)
FNDA:117,(anonymous_20)
FNDA:99,(anonymous_21)
FNDA:0,(anonymous_22)
FNDA:60,(anonymous_23)
FNDA:1266,(anonymous_24)
FNDA:1154,(anonymous_25)
FNDA:1098,(anonymous_26)
FNDA:56,(anonymous_27)
FNDA:4392,(anonymous_28)
FNDA:56,(anonymous_29)
FNDA:53,(anonymous_30)
FNDA:88,(anonymous_31)
FNDA:704,(anonymous_32)
FNDA:2112,(anonymous_33)
FNDA:33206,(anonymous_34)
FNDA:6928,(anonymous_35)
FNDA:3,(anonymous_36)
FNDA:56,(anonymous_37)
FNDA:0,(anonymous_38)
FNDA:0,(anonymous_39)
FNDA:0,(anonymous_40)
FNDA:0,(anonymous_41)
FNDA:0,(anonymous_42)
FNDA:0,(anonymous_43)
FNDA:0,(anonymous_44)
FNDA:116,(anonymous_45)
FNDA:0,(anonymous_46)
FNDA:0,(anonymous_47)
FNDA:0,(anonymous_48)
FNDA:0,(anonymous_49)
FNDA:0,(anonymous_50)
FNDA:0,(anonymous_51)
FNDA:0,(anonymous_52)
FNDA:0,(anonymous_53)
FNDA:0,(anonymous_54)
FNDA:130,(anonymous_55)
FNDA:1,(anonymous_56)
FNDA:3,(anonymous_57)
FNDA:0,(anonymous_58)
FNDA:61,(anonymous_59)
FNDA:1,(anonymous_60)
FNDA:0,(anonymous_61)
FNDA:0,(anonymous_62)
FNDA:1,(anonymous_63)
FNDA:1,(anonymous_64)
FNDA:0,(anonymous_65)
FNDA:3,(anonymous_66)
DA:3,177
DA:5,177
DA:11,177
DA:39,177
DA:141,177
DA:142,1042
DA:147,177
DA:149,1042
DA:160,1042
DA:161,1042
DA:162,1042
DA:163,1042
DA:164,1042
DA:168,177
DA:169,1042
DA:170,1042
DA:171,1042
DA:174,177
DA:175,0
DA:176,0
DA:177,0
DA:182,1042
DA:183,1042
DA:184,1042
DA:185,1042
DA:186,1042
DA:187,0
DA:188,0
DA:193,177
DA:194,1096
DA:195,1096
DA:196,1096
DA:197,1096
DA:198,1096
DA:199,1096
DA:201,1096
DA:202,1096
DA:203,1096
DA:204,1096
DA:207,177
DA:208,0
DA:209,0
DA:210,0
DA:214,177
DA:215,1042
DA:216,1042
DA:217,1042
DA:218,1042
DA:220,1042
DA:221,4168
DA:222,4168
DA:225,1042
DA:226,4168
DA:231,177
DA:232,215
DA:233,215
DA:236,215
DA:240,215
DA:243,177
DA:245,215
DA:255,215
DA:256,1480
DA:257,1480
DA:260,9
DA:262,3
DA:263,3
DA:265,0
DA:269,6
DA:272,6
DA:273,6
DA:275,6
DA:277,5
DA:278,5
DA:279,1
DA:281,0
DA:282,0
DA:285,1
DA:286,1
DA:290,9
DA:291,9
DA:292,8
DA:296,207
DA:299,177
DA:300,207
DA:301,207
DA:304,207
DA:305,3398
DA:307,90
DA:310,33615
DA:311,90
DA:312,2138
DA:313,84
DA:314,84
DA:319,90
DA:320,6
DA:321,6
DA:322,6
DA:326,90
DA:327,90
DA:328,90
DA:329,90
DA:335,117
DA:338,177
DA:339,117
DA:342,117
DA:343,63
DA:344,1
DA:346,62
DA:347,1
DA:348,1
DA:349,1
DA:351,61
DA:352,1
DA:353,1
DA:354,1
DA:358,54
DA:359,1
DA:361,53
DA:362,1
DA:363,1
DA:364,1
DA:368,112
DA:371,177
DA:372,99
DA:375,177
DA:376,0
DA:377,0
DA:378,0
DA:379,0
DA:380,0
DA:383,177
DA:384,60
DA:385,60
DA:386,60
DA:388,60
DA:389,1
DA:394,59
DA:395,1
DA:400,58
DA:401,1
DA:406,57
DA:407,0
DA:413,57
DA:422,1266
DA:424,1154
DA:426,177
DA:427,1098
DA:428,1098
DA:429,4392
DA:430,1098
DA:433,177
DA:434,53
DA:436,53
DA:437,53
DA:438,53
DA:441,53
DA:442,53
DA:443,0
DA:445,0
DA:448,53
DA:449,53
DA:451,0
DA:455,53
DA:457,53
DA:458,53
DA:459,53
DA:460,53
DA:463,177
DA:464,88
DA:467,88
DA:478,88
DA:479,704
DA:483,88
DA:484,88
DA:486,88
DA:487,2112
DA:491,33206
DA:492,88
DA:493,6928
DA:497,88
DA:498,46
DA:500,42
DA:504,88
DA:507,177
DA:508,3
DA:509,3
DA:510,3
DA:513,3
DA:514,3
DA:516,0
DA:519,3
DA:520,3
DA:521,3
DA:526,177
DA:527,56
DA:528,56
DA:529,56
DA:530,56
DA:532,56
DA:533,56
DA:535,56
DA:546,56
DA:547,56
DA:548,56
DA:549,56
DA:550,56
DA:552,56
DA:555,177
DA:556,0
DA:557,0
DA:558,0
DA:559,0
DA:560,0
DA:563,177
DA:564,0
DA:565,0
DA:568,177
DA:569,116
DA:570,116
DA:571,116
DA:574,177
DA:575,0
DA:576,0
DA:577,0
DA:581,177
DA:582,0
DA:583,0
DA:584,0
DA:587,177
DA:588,0
DA:589,0
DA:592,177
DA:593,0
DA:594,0
DA:597,177
DA:598,0
DA:599,0
DA:600,0
DA:601,0
DA:602,0
DA:603,0
DA:604,0
DA:609,177
DA:610,0
DA:611,0
DA:612,0
DA:615,0
DA:616,0
DA:617,0
DA:618,0
DA:620,0
DA:621,0
DA:622,0
DA:623,0
DA:626,0
DA:627,0
DA:628,0
DA:633,177
DA:634,130
DA:637,130
DA:638,130
DA:639,74
DA:640,74
DA:642,74
DA:643,1
DA:648,74
DA:650,1
DA:651,1
DA:652,1
DA:655,73
DA:656,73
DA:657,73
DA:659,74
DA:664,56
DA:667,56
DA:670,56
DA:677,56
DA:687,56
DA:688,56
DA:691,56
DA:693,56
DA:694,47
DA:695,47
DA:698,47
DA:701,47
DA:702,47
DA:706,47
DA:707,5
DA:708,5
DA:709,5
DA:712,47
DA:715,46
DA:716,3
DA:721,46
DA:722,3
DA:724,43
DA:728,9
DA:729,9
DA:730,9
DA:732,9
DA:735,7
DA:736,0
DA:741,7
DA:742,0
DA:744,7
DA:751,177
DA:753,61
DA:754,1
DA:756,60
DA:757,1
DA:759,59
DA:760,1
DA:762,58
DA:763,1
DA:767,57
DA:786,57
DA:790,1
DA:791,1
DA:797,0
DA:798,0
DA:804,0
DA:805,0
DA:811,1
DA:812,1
DA:813,1
DA:819,1
DA:820,1
DA:821,1
DA:827,0
DA:828,0
DA:829,0
DA:835,57
DA:836,342
DA:840,57
DA:841,3363
DA:842,3363
DA:845,57
DA:849,4
DA:850,4
DA:854,4
DA:855,4
LF:341
LH:273
BRDA:8,0,0,177
BRDA:8,0,1,177
BRDA:141,1,0,177
BRDA:141,1,1,0
BRDA:169,2,0,1042
BRDA:169,2,1,1042
BRDA:171,3,0,0
BRDA:171,3,1,1042
BRDA:176,4,0,0
BRDA:176,4,1,0
BRDA:177,5,0,0
BRDA:177,5,1,0
BRDA:236,6,0,215
BRDA:236,6,1,207
BRDA:236,6,2,117
BRDA:257,7,0,9
BRDA:257,7,1,1471
BRDA:260,8,0,3
BRDA:260,8,1,6
BRDA:260,9,0,9
BRDA:260,9,1,6
BRDA:262,10,0,3
BRDA:262,10,1,0
BRDA:275,11,0,5
BRDA:275,11,1,1
BRDA:279,12,0,0
BRDA:279,12,1,1
BRDA:291,13,0,8
BRDA:291,13,1,1
BRDA:291,14,0,9
BRDA:291,14,1,9
BRDA:291,14,2,8
BRDA:300,15,0,108
BRDA:300,15,1,99
BRDA:305,16,0,90
BRDA:305,16,1,3308
BRDA:312,17,0,84
BRDA:312,17,1,2054
BRDA:319,18,0,6
BRDA:319,18,1,84
BRDA:321,19,0,6
BRDA:321,19,1,0
BRDA:326,20,0,90
BRDA:326,20,1,0
BRDA:326,21,0,90
BRDA:326,21,1,90
BRDA:326,21,2,90
BRDA:328,22,0,90
BRDA:328,22,1,0
BRDA:328,23,0,90
BRDA:328,23,1,90
BRDA:328,23,2,90
BRDA:342,24,0,63
BRDA:342,24,1,54
BRDA:343,25,0,1
BRDA:343,25,1,62
BRDA:346,26,0,1
BRDA:346,26,1,61
BRDA:351,27,0,1
BRDA:351,27,1,60
BRDA:358,28,0,1
BRDA:358,28,1,53
BRDA:361,29,0,1
BRDA:361,29,1,52
BRDA:372,30,0,99
BRDA:372,30,1,99
BRDA:372,30,2,99
BRDA:388,31,0,1
BRDA:388,31,1,59
BRDA:394,32,0,1
BRDA:394,32,1,58
BRDA:400,33,0,1
BRDA:400,33,1,57
BRDA:406,34,0,0
BRDA:406,34,1,57
BRDA:422,35,0,1266
BRDA:422,35,1,61
BRDA:433,36,0,0
BRDA:434,37,0,0
BRDA:434,37,1,53
BRDA:434,38,0,53
BRDA:434,38,1,53
BRDA:442,39,0,0
BRDA:442,39,1,53
BRDA:448,40,0,53
BRDA:448,40,1,0
BRDA:455,41,0,0
BRDA:455,41,1,53
BRDA:483,42,0,46
BRDA:483,42,1,42
BRDA:497,43,0,46
BRDA:497,43,1,42
BRDA:509,44,0,3
BRDA:509,44,1,0
BRDA:513,45,0,3
BRDA:513,45,1,0
BRDA:564,46,0,0
BRDA:564,46,1,0
BRDA:565,47,0,0
BRDA:565,47,1,0
BRDA:575,48,0,0
BRDA:575,48,1,0
BRDA:575,49,0,0
BRDA:575,49,1,0
BRDA:598,50,0,0
BRDA:598,50,1,0
BRDA:610,51,0,0
BRDA:610,51,1,0
BRDA:638,52,0,74
BRDA:638,52,1,56
BRDA:640,53,0,74
BRDA:640,53,1,0
BRDA:643,54,0,1
BRDA:643,54,1,0
BRDA:643,54,2,0
BRDA:648,55,0,1
BRDA:648,55,1,73
BRDA:693,56,0,47
BRDA:693,56,1,9
BRDA:706,57,0,5
BRDA:706,57,1,42
BRDA:712,58,0,1
BRDA:712,58,1,46
BRDA:716,59,0,3
BRDA:716,59,1,1
BRDA:716,59,2,1
BRDA:721,60,0,3
BRDA:721,60,1,43
BRDA:732,61,0,2
BRDA:732,61,1,7
BRDA:736,62,0,0
BRDA:736,62,1,0
BRDA:736,62,2,0
BRDA:741,63,0,0
BRDA:741,63,1,7
BRDA:753,64,0,1
BRDA:753,64,1,60
BRDA:756,65,0,1
BRDA:756,65,1,59
BRDA:759,66,0,1
BRDA:759,66,1,58
BRDA:762,67,0,1
BRDA:762,67,1,57
BRDA:791,68,0,1
BRDA:791,68,1,0
BRDA:798,69,0,0
BRDA:798,69,1,0
BRDA:805,70,0,0
BRDA:805,70,1,0
BRDA:813,71,0,1
BRDA:813,71,1,0
BRDA:821,72,0,1
BRDA:821,72,1,0
BRDA:829,73,0,0
BRDA:829,73,1,0
BRDA:849,74,0,4
BRDA:849,74,1,0
BRDA:854,75,0,4
BRDA:854,75,1,0
BRDA:854,76,0,4
BRDA:854,76,1,4
BRF:161
BRH:112
end_of_record
