TN:
SF:app.js
FN:2,(anonymous_0)
FN:151,(anonymous_1)
FN:156,(anonymous_2)
FN:165,(anonymous_3)
FN:171,(anonymous_4)
FN:178,(anonymous_5)
FN:183,(anonymous_6)
FN:190,(anonymous_7)
FN:204,(anonymous_8)
FN:211,(anonymous_9)
FN:214,(anonymous_10)
FN:217,(anonymous_11)
FN:218,(anonymous_12)
FN:219,(anonymous_13)
FN:222,(anonymous_14)
FN:223,(anonymous_15)
FN:228,(anonymous_16)
FN:240,(anonymous_17)
FN:296,(anonymous_18)
FN:307,(anonymous_19)
FN:335,(anonymous_20)
FN:368,(anonymous_21)
FN:372,(anonymous_22)
FN:380,(anonymous_23)
FN:419,(anonymous_24)
FN:421,(anonymous_25)
FN:423,(anonymous_26)
FN:424,(anonymous_27)
FN:426,(anonymous_28)
FN:427,(anonymous_29)
FN:430,(anonymous_30)
FN:460,(anonymous_31)
FN:475,(anonymous_32)
FN:483,(anonymous_33)
FN:488,(anonymous_34)
FN:489,(anonymous_35)
FN:504,(anonymous_36)
FN:523,(anonymous_37)
FN:543,(anonymous_38)
FN:544,(anonymous_39)
FN:545,(anonymous_40)
FN:546,(anonymous_41)
FN:547,(anonymous_42)
FN:552,(anonymous_43)
FN:560,(anonymous_44)
FN:565,(anonymous_45)
FN:571,(anonymous_46)
FN:578,(anonymous_47)
FN:581,(anonymous_48)
FN:584,(anonymous_49)
FN:589,(anonymous_50)
FN:594,(anonymous_51)
FN:606,(anonymous_52)
FN:617,(anonymous_53)
FN:623,(anonymous_54)
FN:630,(anonymous_55)
FN:639,(anonymous_56)
FN:712,(anonymous_57)
FN:732,(anonymous_58)
FN:748,(anonymous_59)
FN:786,(anonymous_60)
FN:793,(anonymous_61)
FN:800,(anonymous_62)
FN:807,(anonymous_63)
FN:815,(anonymous_64)
FN:823,(anonymous_65)
FN:833,(anonymous_66)
FNF:67
FNH:39
FNDA:177,(anonymous_0)
FNDA:1042,(anonymous_1)
FNDA:1042,(anonymous_2)
FNDA:1042,(anonymous_3)
FNDA:0,(anonymous_4)
FNDA:1042,(anonymous_5)
FNDA:0,(anonymous_6)
FNDA:1096,(anonymous_7)
FNDA:0,(anonymous_8)
FNDA:1042,(anonymous_9)
FNDA:0,(anonymous_10)
FNDA:4168,(anonymous_11)
FNDA:0,(anonymous_12)
FNDA:0,(anonymous_13)
FNDA:4168,(anonymous_14)
FNDA:0,(anonymous_15)
FNDA:215,(anonymous_16)
FNDA:215,(anonymous_17)
FNDA:207,(anonymous_18)
FNDA:33615,(anonymous_19)
FNDA:117,(anonymous_20)
FNDA:99,(anonymous_21)
FNDA:0,(anonymous_22)
FNDA:60,(anonymous_23)
FNDA:1266,(anonymous_24)
FNDA:1154,(anonymous_25)
FNDA:1098,(anonymous_26)
FNDA:56,(anonymous_27)
FNDA:4392,(anonymous_28)
FNDA:56,(anonymous_29)
FNDA:53,(anonymous_30)
FNDA:88,(anonymous_31)
FNDA:704,(anonymous_32)
FNDA:2112,(anonymous_33)
FNDA:33206,(anonymous_34)
FNDA:6928,(anonymous_35)
FNDA:3,(anonymous_36)
FNDA:56,(anonymous_37)
FNDA:0,(anonymous_38)
FNDA:0,(anonymous_39)
FNDA:0,(anonymous_40)
FNDA:0,(anonymous_41)
FNDA:0,(anonymous_42)
FNDA:0,(anonymous_43)
FNDA:0,(anonymous_44)
FNDA:116,(anonymous_45)
FNDA:0,(anonymous_46)
FNDA:0,(anonymous_47)
FNDA:0,(anonymous_48)
FNDA:0,(anonymous_49)
FNDA:0,(anonymous_50)
FNDA:0,(anonymous_51)
FNDA:0,(anonymous_52)
FNDA:0,(anonymous_53)
FNDA:0,(anonymous_54)
FNDA:130,(anonymous_55)
FNDA:1,(anonymous_56)
FNDA:3,(anonymous_57)
FNDA:0,(anonymous_58)
FNDA:61,(anonymous_59)
FNDA:1,(anonymous_60)
FNDA:0,(anonymous_61)
FNDA:0,(anonymous_62)
FNDA:1,(anonymous_63)
FNDA:1,(anonymous_64)
FNDA:0,(anonymous_65)
FNDA:3,(anonymous_66)
DA:3,177
DA:14,177
DA:20,177
DA:48,177
DA:150,177
DA:151,1042
DA:156,177
DA:157,1042
DA:158,1042
DA:159,1042
DA:160,1042
DA:161,1042
DA:165,177
DA:166,1042
DA:167,1042
DA:168,1042
DA:171,177
DA:172,0
DA:173,0
DA:174,0
DA:179,1042
DA:180,1042
DA:181,1042
DA:182,1042
DA:183,1042
DA:184,0
DA:185,0
DA:190,177
DA:191,1096
DA:192,1096
DA:193,1096
DA:194,1096
DA:195,1096
DA:196,1096
DA:198,1096
DA:199,1096
DA:200,1096
DA:201,1096
DA:204,177
DA:205,0
DA:206,0
DA:207,0
DA:211,177
DA:212,1042
DA:213,1042
DA:214,1042
DA:215,1042
DA:217,1042
DA:218,4168
DA:219,4168
DA:222,1042
DA:223,4168
DA:228,177
DA:229,215
DA:230,215
DA:233,215
DA:237,215
DA:240,177
DA:242,215
DA:252,215
DA:253,1480
DA:254,1480
DA:257,9
DA:259,3
DA:260,3
DA:262,0
DA:266,6
DA:269,6
DA:270,6
DA:272,6
DA:274,5
DA:275,5
DA:276,1
DA:278,0
DA:279,0
DA:282,1
DA:283,1
DA:287,9
DA:288,9
DA:289,8
DA:293,207
DA:296,177
DA:297,207
DA:298,207
DA:301,207
DA:302,3398
DA:304,90
DA:307,33615
DA:308,90
DA:309,2138
DA:310,84
DA:311,84
DA:316,90
DA:317,6
DA:318,6
DA:319,6
DA:323,90
DA:324,90
DA:325,90
DA:326,90
DA:332,117
DA:335,177
DA:336,117
DA:339,117
DA:340,63
DA:341,1
DA:343,62
DA:344,1
DA:345,1
DA:346,1
DA:348,61
DA:349,1
DA:350,1
DA:351,1
DA:355,54
DA:356,1
DA:358,53
DA:359,1
DA:360,1
DA:361,1
DA:365,112
DA:368,177
DA:369,99
DA:372,177
DA:373,0
DA:374,0
DA:375,0
DA:376,0
DA:377,0
DA:380,177
DA:381,60
DA:382,60
DA:383,60
DA:385,60
DA:386,1
DA:391,59
DA:392,1
DA:397,58
DA:398,1
DA:403,57
DA:404,0
DA:410,57
DA:419,1266
DA:421,1154
DA:423,177
DA:424,1098
DA:425,1098
DA:426,4392
DA:427,1098
DA:430,177
DA:431,53
DA:433,53
DA:434,53
DA:435,53
DA:438,53
DA:439,53
DA:440,0
DA:442,0
DA:445,53
DA:446,53
DA:448,0
DA:452,53
DA:454,53
DA:455,53
DA:456,53
DA:457,53
DA:460,177
DA:461,88
DA:464,88
DA:475,88
DA:476,704
DA:480,88
DA:481,88
DA:483,88
DA:484,2112
DA:488,33206
DA:489,88
DA:490,6928
DA:494,88
DA:495,46
DA:497,42
DA:501,88
DA:504,177
DA:505,3
DA:506,3
DA:507,3
DA:510,3
DA:511,3
DA:513,0
DA:516,3
DA:517,3
DA:518,3
DA:523,177
DA:524,56
DA:525,56
DA:526,56
DA:527,56
DA:529,56
DA:530,56
DA:532,56
DA:543,56
DA:544,56
DA:545,56
DA:546,56
DA:547,56
DA:549,56
DA:552,177
DA:553,0
DA:554,0
DA:555,0
DA:556,0
DA:557,0
DA:560,177
DA:561,0
DA:562,0
DA:565,177
DA:566,116
DA:567,116
DA:568,116
DA:571,177
DA:572,0
DA:573,0
DA:574,0
DA:578,177
DA:579,0
DA:580,0
DA:581,0
DA:584,177
DA:585,0
DA:586,0
DA:589,177
DA:590,0
DA:591,0
DA:594,177
DA:595,0
DA:596,0
DA:597,0
DA:598,0
DA:599,0
DA:600,0
DA:601,0
DA:606,177
DA:607,0
DA:608,0
DA:609,0
DA:612,0
DA:613,0
DA:614,0
DA:615,0
DA:617,0
DA:618,0
DA:619,0
DA:620,0
DA:623,0
DA:624,0
DA:625,0
DA:630,177
DA:631,130
DA:634,130
DA:635,130
DA:636,74
DA:637,74
DA:639,74
DA:640,1
DA:645,74
DA:647,1
DA:648,1
DA:649,1
DA:652,73
DA:653,73
DA:654,73
DA:656,74
DA:661,56
DA:664,56
DA:667,56
DA:674,56
DA:684,56
DA:685,56
DA:688,56
DA:690,56
DA:691,47
DA:692,47
DA:695,47
DA:698,47
DA:699,47
DA:703,47
DA:704,5
DA:705,5
DA:706,5
DA:709,47
DA:712,46
DA:713,3
DA:718,46
DA:719,3
DA:721,43
DA:725,9
DA:726,9
DA:727,9
DA:729,9
DA:732,7
DA:733,0
DA:738,7
DA:739,0
DA:741,7
DA:748,177
DA:750,61
DA:751,1
DA:753,60
DA:754,1
DA:756,59
DA:757,1
DA:759,58
DA:760,1
DA:764,57
DA:783,57
DA:787,1
DA:788,1
DA:794,0
DA:795,0
DA:801,0
DA:802,0
DA:808,1
DA:809,1
DA:810,1
DA:816,1
DA:817,1
DA:818,1
DA:824,0
DA:825,0
DA:826,0
DA:832,57
DA:833,342
DA:837,57
DA:838,3363
DA:839,3363
DA:842,57
DA:846,4
DA:847,4
DA:851,4
DA:852,4
LF:340
LH:272
BRDA:17,0,0,177
BRDA:17,0,1,177
BRDA:150,1,0,177
BRDA:150,1,1,0
BRDA:166,2,0,1042
BRDA:166,2,1,1042
BRDA:168,3,0,0
BRDA:168,3,1,1042
BRDA:173,4,0,0
BRDA:173,4,1,0
BRDA:174,5,0,0
BRDA:174,5,1,0
BRDA:233,6,0,215
BRDA:233,6,1,207
BRDA:233,6,2,117
BRDA:254,7,0,9
BRDA:254,7,1,1471
BRDA:257,8,0,3
BRDA:257,8,1,6
BRDA:257,9,0,9
BRDA:257,9,1,6
BRDA:259,10,0,3
BRDA:259,10,1,0
BRDA:272,11,0,5
BRDA:272,11,1,1
BRDA:276,12,0,0
BRDA:276,12,1,1
BRDA:288,13,0,8
BRDA:288,13,1,1
BRDA:288,14,0,9
BRDA:288,14,1,9
BRDA:288,14,2,8
BRDA:297,15,0,108
BRDA:297,15,1,99
BRDA:302,16,0,90
BRDA:302,16,1,3308
BRDA:309,17,0,84
BRDA:309,17,1,2054
BRDA:316,18,0,6
BRDA:316,18,1,84
BRDA:318,19,0,6
BRDA:318,19,1,0
BRDA:323,20,0,90
BRDA:323,20,1,0
BRDA:323,21,0,90
BRDA:323,21,1,90
BRDA:323,21,2,90
BRDA:325,22,0,90
BRDA:325,22,1,0
BRDA:325,23,0,90
BRDA:325,23,1,90
BRDA:325,23,2,90
BRDA:339,24,0,63
BRDA:339,24,1,54
BRDA:340,25,0,1
BRDA:340,25,1,62
BRDA:343,26,0,1
BRDA:343,26,1,61
BRDA:348,27,0,1
BRDA:348,27,1,60
BRDA:355,28,0,1
BRDA:355,28,1,53
BRDA:358,29,0,1
BRDA:358,29,1,52
BRDA:369,30,0,99
BRDA:369,30,1,99
BRDA:369,30,2,99
BRDA:385,31,0,1
BRDA:385,31,1,59
BRDA:391,32,0,1
BRDA:391,32,1,58
BRDA:397,33,0,1
BRDA:397,33,1,57
BRDA:403,34,0,0
BRDA:403,34,1,57
BRDA:419,35,0,1266
BRDA:419,35,1,61
BRDA:430,36,0,0
BRDA:431,37,0,0
BRDA:431,37,1,53
BRDA:431,38,0,53
BRDA:431,38,1,53
BRDA:439,39,0,0
BRDA:439,39,1,53
BRDA:445,40,0,53
BRDA:445,40,1,0
BRDA:452,41,0,0
BRDA:452,41,1,53
BRDA:480,42,0,46
BRDA:480,42,1,42
BRDA:494,43,0,46
BRDA:494,43,1,42
BRDA:506,44,0,3
BRDA:506,44,1,0
BRDA:510,45,0,3
BRDA:510,45,1,0
BRDA:561,46,0,0
BRDA:561,46,1,0
BRDA:562,47,0,0
BRDA:562,47,1,0
BRDA:572,48,0,0
BRDA:572,48,1,0
BRDA:572,49,0,0
BRDA:572,49,1,0
BRDA:595,50,0,0
BRDA:595,50,1,0
BRDA:607,51,0,0
BRDA:607,51,1,0
BRDA:635,52,0,74
BRDA:635,52,1,56
BRDA:637,53,0,74
BRDA:637,53,1,0
BRDA:640,54,0,1
BRDA:640,54,1,0
BRDA:640,54,2,0
BRDA:645,55,0,1
BRDA:645,55,1,73
BRDA:690,56,0,47
BRDA:690,56,1,9
BRDA:703,57,0,5
BRDA:703,57,1,42
BRDA:709,58,0,1
BRDA:709,58,1,46
BRDA:713,59,0,3
BRDA:713,59,1,1
BRDA:713,59,2,1
BRDA:718,60,0,3
BRDA:718,60,1,43
BRDA:729,61,0,2
BRDA:729,61,1,7
BRDA:733,62,0,0
BRDA:733,62,1,0
BRDA:733,62,2,0
BRDA:738,63,0,0
BRDA:738,63,1,7
BRDA:750,64,0,1
BRDA:750,64,1,60
BRDA:753,65,0,1
BRDA:753,65,1,59
BRDA:756,66,0,1
BRDA:756,66,1,58
BRDA:759,67,0,1
BRDA:759,67,1,57
BRDA:788,68,0,1
BRDA:788,68,1,0
BRDA:795,69,0,0
BRDA:795,69,1,0
BRDA:802,70,0,0
BRDA:802,70,1,0
BRDA:810,71,0,1
BRDA:810,71,1,0
BRDA:818,72,0,1
BRDA:818,72,1,0
BRDA:826,73,0,0
BRDA:826,73,1,0
BRDA:846,74,0,4
BRDA:846,74,1,0
BRDA:851,75,0,4
BRDA:851,75,1,0
BRDA:851,76,0,4
BRDA:851,76,1,4
BRF:161
BRH:112
end_of_record
